
The following have been reloaded with a version change:
  1) cuda/11.0.2 => cuda/9.2.148

Loading fashion-mnist data... done
Loading model...[02:14:46] src/nnvm/legacy_json_util.cc:209: Loading symbol saved by previous version v0.11.0. Attempting to upgrade...
[02:14:46] src/nnvm/legacy_json_util.cc:217: Symbol successfully upgraded!
==97000== NVPROF is profiling process 97000, command: python submit/submission.py
 done
New Inference
Op Time: 2.756237
Op Time: 10.833387
Correctness: 0.7955 Model: eecs498
==97000== Profiling application: python submit/submission.py
==97000== Profiling result:
            Type  Time(%)      Time     Calls       Avg       Min       Max  Name
 GPU activities:   99.02%  13.5893s         2  6.79465s  2.75607s  10.8332s  mxnet::op::forward_kernel(float*, float const *, float const *, int, int, int, int, int, int)
                    0.78%  106.70ms        20  5.3348ms  1.1840us  104.56ms  [CUDA memcpy HtoD]
                    0.08%  11.223ms         2  5.6117ms  1.9052ms  9.3182ms  void mshadow::cuda::MapPlanLargeKernel<mshadow::sv::saveto, int=8, int=1024, mshadow::expr::Plan<mshadow::Tensor<mshadow::gpu, int=4, float>, float>, mshadow::expr::Plan<mshadow::expr::BinaryMapExp<mshadow::op::mul, mshadow::expr::ScalarExp<float>, mshadow::Tensor<mshadow::gpu, int=4, float>, float, int=1>, float>>(mshadow::gpu, unsigned int, mshadow::Shape<int=2>, int=4, int)
                    0.05%  6.6229ms         1  6.6229ms  6.6229ms  6.6229ms  volta_sgemm_128x128_tn
                    0.04%  5.3822ms         2  2.6911ms  17.664us  5.3645ms  void op_generic_tensor_kernel<int=1, float, float, float, int=256, cudnnGenericOp_t=7, cudnnNanPropagation_t=0, int=1>(cudnnTensorStruct, float*, cudnnTensorStruct, float const *, cudnnTensorStruct, float const *, float, float, float, float, reducedDivisorArray, int)
                    0.02%  3.3889ms         1  3.3889ms  3.3889ms  3.3889ms  void cudnn::detail::pooling_fw_4d_kernel<float, float, cudnn::detail::maxpooling_func<float, cudnnNanPropagation_t=0>, int=0, bool=0>(cudnnTensorStruct, float const *, cudnn::detail::pooling_fw_4d_kernel<float, float, cudnn::detail::maxpooling_func<float, cudnnNanPropagation_t=0>, int=0, bool=0>, cudnnTensorStruct*, cudnnPoolingStruct, float, cudnnPoolingStruct, int, cudnn::reduced_divisor, float)
                    0.00%  318.08us         1  318.08us  318.08us  318.08us  void mshadow::cuda::MapPlanLargeKernel<mshadow::sv::saveto, int=8, int=1024, mshadow::expr::Plan<mshadow::Tensor<mshadow::gpu, int=2, float>, float>, mshadow::expr::Plan<mshadow::expr::ScalarExp<float>, float>>(mshadow::gpu, unsigned int, mshadow::Shape<int=2>, int=2, int)
                    0.00%  55.424us        13  4.2630us  1.1200us  20.576us  void mshadow::cuda::MapPlanKernel<mshadow::sv::saveto, int=8, mshadow::expr::Plan<mshadow::Tensor<mshadow::gpu, int=2, float>, float>, mshadow::expr::Plan<mshadow::expr::ScalarExp<float>, float>>(mshadow::gpu, unsigned int, mshadow::Shape<int=2>, int=2)
                    0.00%  48.672us         1  48.672us  48.672us  48.672us  void mshadow::cuda::SoftmaxKernel<int=8, float, mshadow::expr::Plan<mshadow::Tensor<mshadow::gpu, int=2, float>, float>, mshadow::expr::Plan<mshadow::Tensor<mshadow::gpu, int=2, float>, float>>(mshadow::gpu, int=2, unsigned int)
                    0.00%  27.200us         1  27.200us  27.200us  27.200us  volta_sgemm_32x32_sliced1x4_tn
                    0.00%  19.104us         2  9.5520us  2.5280us  16.576us  void mshadow::cuda::MapPlanKernel<mshadow::sv::plusto, int=8, mshadow::expr::Plan<mshadow::Tensor<mshadow::gpu, int=2, float>, float>, mshadow::expr::Plan<mshadow::expr::Broadcast1DExp<mshadow::Tensor<mshadow::gpu, int=1, float>, float, int=2, int=1>, float>>(mshadow::gpu, unsigned int, mshadow::Shape<int=2>, int=2)
                    0.00%  8.9590us         8  1.1190us  1.0560us  1.4390us  [CUDA memset]
                    0.00%  5.2160us         1  5.2160us  5.2160us  5.2160us  [CUDA memcpy DtoH]
                    0.00%  4.9600us         2  2.4800us  2.3680us  2.5920us  [CUDA memcpy DtoD]
                    0.00%  4.6720us         1  4.6720us  4.6720us  4.6720us  void mshadow::cuda::MapPlanKernel<mshadow::sv::saveto, int=8, mshadow::expr::Plan<mshadow::Tensor<mshadow::gpu, int=2, float>, float>, mshadow::expr::Plan<mshadow::expr::ReduceWithAxisExp<mshadow::red::maximum, mshadow::Tensor<mshadow::gpu, int=3, float>, float, int=3, bool=1, int=2>, float>>(mshadow::gpu, unsigned int, mshadow::Shape<int=2>, int=2)
      API calls:   61.21%  13.6007s         8  1.70008s  5.5750us  10.8333s  cudaDeviceSynchronize
                   20.57%  4.56987s        22  207.72ms  2.2870us  2.29408s  cudaStreamCreateWithFlags
                    8.78%  1.95071s        22  88.669ms  14.334us  1.95013s  cudaMemGetInfo
                    8.37%  1.85942s        18  103.30ms     350ns  498.45ms  cudaFree
                    0.91%  202.64ms         9  22.515ms  4.3920us  107.65ms  cudaMemcpy2DAsync
                    0.07%  14.497ms        29  499.91us  1.5460us  7.7623ms  cudaStreamSynchronize
                    0.06%  13.534ms        66  205.06us  3.7330us  2.9544ms  cudaMalloc
                    0.02%  3.5709ms         4  892.74us  5.6650us  3.5148ms  cudaStreamCreate
                    0.01%  1.4808ms         4  370.21us  362.06us  392.43us  cuDeviceTotalMem
                    0.00%  1.0287ms         2  514.34us  17.122us  1.0116ms  cudaHostAlloc
                    0.00%  882.52us       375  2.3530us     124ns  97.619us  cuDeviceGetAttribute
                    0.00%  881.69us         4  220.42us  202.99us  232.29us  cudaGetDeviceProperties
                    0.00%  773.42us        27  28.645us  5.5720us  125.90us  cudaLaunchKernel
                    0.00%  286.36us       384     745ns     381ns  6.2810us  cudaFuncSetAttribute
                    0.00%  182.76us         8  22.845us  7.3720us  74.557us  cudaMemsetAsync
                    0.00%  169.22us        12  14.101us  7.3290us  29.867us  cudaMemcpy
                    0.00%  136.47us       216     631ns     399ns  3.4790us  cudaEventCreateWithFlags
                    0.00%  126.53us         4  31.632us  28.632us  35.985us  cuDeviceGetName
                    0.00%  113.89us         2  56.946us  56.238us  57.655us  cudaMemcpyToSymbol
                    0.00%  73.842us       206     358ns     257ns  3.2700us  cudaDeviceGetAttribute
                    0.00%  55.602us        27  2.0590us     439ns  7.9940us  cudaSetDevice
                    0.00%  37.016us         8  4.6270us  2.2200us  17.220us  cudaStreamCreateWithPriority
                    0.00%  26.151us        18  1.4520us     267ns  4.7700us  cudaGetDevice
                    0.00%  9.4070us         2  4.7030us  3.3230us  6.0840us  cudaEventRecord
                    0.00%  8.4710us         6  1.4110us     612ns  2.7650us  cudaEventCreate
                    0.00%  8.0830us         2  4.0410us  2.4490us  5.6340us  cudaDeviceGetStreamPriorityRange
                    0.00%  5.2590us         1  5.2590us  5.2590us  5.2590us  cuDeviceGetPCIBusId
                    0.00%  4.8840us         5     976ns     271ns  2.1210us  cudaGetLastError
                    0.00%  4.3740us        20     218ns     167ns     333ns  cudaPeekAtLastError
                    0.00%  4.1890us         2  2.0940us  1.1820us  3.0070us  cudaHostGetDevicePointer
                    0.00%  3.8850us         4     971ns     198ns  2.0080us  cudaGetDeviceCount
                    0.00%  2.4270us         6     404ns     150ns  1.1100us  cuDeviceGetCount
                    0.00%  1.9010us         3     633ns     611ns     649ns  cuInit
                    0.00%  1.7970us         5     359ns     195ns     568ns  cuDeviceGet
                    0.00%     780ns         3     260ns     250ns     276ns  cuDriverGetVersion
